<?xml version="1.0" encoding="UTF-8"?>
<!-- Generated by org.testng.reporters.JUnitXMLReporter -->
<testsuite ignored="0" hostname="COB1086589" failures="0" tests="11" name="Test" time="319.946" errors="0" timestamp="2023-05-08T13:34:36 IST">
  <testcase classname="qa_refapp.openmrs.tests.TC01_DashboardPageVerificationTest" name="DashboardPageVerificationTest" time="0.084"/>
  <testcase classname="qa_refapp.openmrs.tests.TC02_RegisterPatientandVerifyPatientDetailsTest" name="RegisterPatientandVerifyPatientDetailsTest" time="14.68"/>
  <testcase classname="qa_refapp.openmrs.tests.TC03_PatientDetailPageVerificationandVerifyAgeCorrectnessBasedOnDOBTset" name="PatientDetailPageVerificationandVerifyAgeCorrectnessBasedOnDOBTset" time="9.013"/>
  <testcase classname="qa_refapp.openmrs.tests.TC04_AttachmentTosterofStartVisitTest" name="AttachmentTosterofStartVisitTest" time="36.118"/>
  <testcase classname="qa_refapp.openmrs.tests.TC05_AttachmentandRecentVisitwithAttachmentUploadTagTest" name="AttachmentandRecentVisitwithAttachmentUploadTagTest" time="16.672"/>
  <testcase classname="qa_refapp.openmrs.tests.TC06_StartCaptureVitalsAndVerifyBMIusingFormulaTest" name="StartCaptureVitalsAndVerifyBMIusingFormulaTest" time="40.246"/>
  <testcase classname="qa_refapp.openmrs.tests.TC07_HeightWeightAbdBMIVerificationInPatientDetailPageTest" name="HeightWeightAbdBMIVerificationInPatientDetailPageTest" time="8.1"/>
  <testcase classname="qa_refapp.openmrs.tests.TC08_RecentVisitWithCurrentDateandVitalTest" name="RecentVisitWithCurrentDateandVitalTest" time="10.029"/>
  <testcase classname="qa_refapp.openmrs.tests.TC09_MergVisitsAndVerifyRecentVisitsTest" name="MergVisitsAndVerifyRecentVisitsTest" time="19.789"/>
  <testcase classname="qa_refapp.openmrs.tests.TC10_AddPastVisitandVerifyFutureDateIsNotClickable" name="AddPastVisitandVerifyFutureDateIsNotClickable" time="9.328"/>
  <testcase classname="qa_refapp.openmrs.tests.TC11_DeletePatientVerifyToasterTestAndSearchDeletedPatient" name="DeletePatientVerifyToasterTestAndSearchDeletedPatient" time="13.549"/>
</testsuite> <!-- Test -->
