<?xml version="1.0" encoding="UTF-8"?>
<!-- Generated by org.testng.reporters.JUnitXMLReporter -->
<testsuite ignored="0" hostname="COB1086589" failures="0" tests="8" name="Command line test" time="218.923" errors="0" timestamp="2023-05-08T03:50:07 IST">
  <testcase classname="qa_refapp.openmrs.tests.TC01_DashboardPageVerificationTest" name="DashboardPageVerificationTest" time="0.073"/>
  <testcase classname="qa_refapp.openmrs.tests.TC02_RegisterPatientandVerifyPatientDetailsTest" name="RegisterPatientandVerifyPatientDetailsTest" time="14.855"/>
  <testcase classname="qa_refapp.openmrs.tests.TC04_AttachmentTosterofStartVisitTest" name="AttachmentTosterofStartVisitTest" time="33.378"/>
  <testcase classname="qa_refapp.openmrs.tests.TC05_AttachmentandRecentVisitwithAttachmentUploadTagTest" name="AttachmentandRecentVisitwithAttachmentUploadTagTest" time="15.59"/>
  <testcase classname="qa_refapp.openmrs.tests.TC06_StartCaptureVitalsAndVerifyBMIusingFormulaTest" name="StartCaptureVitalsAndVerifyBMIusingFormulaTest" time="28.345"/>
  <testcase classname="qa_refapp.openmrs.tests.TC07_HeightWeightAbdBMIVerificationInPatientDetailPageTest" name="HeightWeightAbdBMIVerificationInPatientDetailPageTest" time="7.915"/>
  <testcase classname="qa_refapp.openmrs.tests.TC08_RecentVisitWithCurrentDateandVitalTest" name="RecentVisitWithCurrentDateandVitalTest" time="13.114"/>
  <testcase classname="qa_refapp.openmrs.tests.TC09_MergVisitsAndVerifyRecentVisitsTest" name="MergVisitsAndVerifyRecentVisitsTest" time="15.203"/>
</testsuite> <!-- Command line test -->
