-------------------------------------------------------------------------------
Test set: TestSuite
-------------------------------------------------------------------------------
Tests run: 14, Failures: 5, Errors: 0, Skipped: 1, Time elapsed: 307.366 s <<< FAILURE! - in TestSuite
launchApplicationandLogin(qa_refapp.openmrs.tests.TC02_RegisterPatientandVerifyPatientDetailsTest)  Time elapsed: 7.398 s  <<< FAILURE!
org.openqa.selenium.remote.UnreachableBrowserException: 
Error communicating with the remote browser. It may have died.
Build info: version: '4.8.1', revision: '8ebccac989'
System info: os.name: 'Windows 10', os.arch: 'amd64', os.version: '10.0', java.version: '11.0.18'
Driver info: org.openqa.selenium.chrome.ChromeDriver
Command: [68ee0bf49ee4c069e325e2dbe14a306a, get {url=https://qa-refapp.openmrs.org/openmrs/login.htm}]
Capabilities {acceptInsecureCerts: false, browserName: chrome, browserVersion: 112.0.5615.121, chrome: {chromedriverVersion: 112.0.5615.49 (bd2a7bcb881c..., userDataDir: C:\Users\pli6cob\AppData\Lo...}, goog:chromeOptions: {debuggerAddress: localhost:64293}, networkConnectionEnabled: false, pageLoadStrategy: normal, platformName: WINDOWS, proxy: Proxy(), se:cdp: ws://localhost:64293/devtoo..., se:cdpVersion: 112.0.5615.121, setWindowRect: true, strictFileInteractability: false, timeouts: {implicit: 0, pageLoad: 300000, script: 30000}, unhandledPromptBehavior: dismiss and notify, webauthn:extension:credBlob: true, webauthn:extension:largeBlob: true, webauthn:extension:minPinLength: true, webauthn:extension:prf: true, webauthn:virtualAuthenticators: true}
Session ID: 68ee0bf49ee4c069e325e2dbe14a306a
Caused by: java.io.UncheckedIOException: java.io.IOException: An existing connection was forcibly closed by the remote host
Caused by: java.io.IOException: An existing connection was forcibly closed by the remote host

afterTest(qa_refapp.openmrs.tests.TC02_RegisterPatientandVerifyPatientDetailsTest)  Time elapsed: 0.013 s  <<< FAILURE!
org.openqa.selenium.remote.UnreachableBrowserException: 
Error communicating with the remote browser. It may have died.
Build info: version: '4.8.1', revision: '8ebccac989'
System info: os.name: 'Windows 10', os.arch: 'amd64', os.version: '10.0', java.version: '11.0.18'
Driver info: org.openqa.selenium.chrome.ChromeDriver
Command: [68ee0bf49ee4c069e325e2dbe14a306a, close {}]
Capabilities {acceptInsecureCerts: false, browserName: chrome, browserVersion: 112.0.5615.121, chrome: {chromedriverVersion: 112.0.5615.49 (bd2a7bcb881c..., userDataDir: C:\Users\pli6cob\AppData\Lo...}, goog:chromeOptions: {debuggerAddress: localhost:64293}, networkConnectionEnabled: false, pageLoadStrategy: normal, platformName: WINDOWS, proxy: Proxy(), se:cdp: ws://localhost:64293/devtoo..., se:cdpVersion: 112.0.5615.121, setWindowRect: true, strictFileInteractability: false, timeouts: {implicit: 0, pageLoad: 300000, script: 30000}, unhandledPromptBehavior: dismiss and notify, webauthn:extension:credBlob: true, webauthn:extension:largeBlob: true, webauthn:extension:minPinLength: true, webauthn:extension:prf: true, webauthn:virtualAuthenticators: true}
Session ID: 68ee0bf49ee4c069e325e2dbe14a306a
Caused by: java.io.UncheckedIOException: java.net.ConnectException: Connection refused: no further information: localhost/0:0:0:0:0:0:0:1:8327
Caused by: java.net.ConnectException: Connection refused: no further information: localhost/0:0:0:0:0:0:0:1:8327
Caused by: io.netty.channel.AbstractChannel$AnnotatedConnectException: Connection refused: no further information: localhost/0:0:0:0:0:0:0:1:8327
Caused by: java.net.ConnectException: Connection refused: no further information

AttachmentTosterofStartVisitTest(qa_refapp.openmrs.tests.TC04_AttachmentTosterofStartVisitTest)  Time elapsed: 41.824 s  <<< FAILURE!
org.openqa.selenium.WebDriverException: 
target frame detached
  (failed to check if window was closed: disconnected: not connected to DevTools)
  (Session info: chrome=112.0.5615.121)
Build info: version: '4.8.1', revision: '8ebccac989'
System info: os.name: 'Windows 10', os.arch: 'amd64', os.version: '10.0', java.version: '11.0.18'
Driver info: org.openqa.selenium.chrome.ChromeDriver
Command: [97ae55aeb95a1a6e7fe9b4ac934248ab, findElement {using=xpath, value=//div[@class='toast-item-wrapper']}]
Capabilities {acceptInsecureCerts: false, browserName: chrome, browserVersion: 112.0.5615.121, chrome: {chromedriverVersion: 112.0.5615.49 (bd2a7bcb881c..., userDataDir: C:\Users\pli6cob\AppData\Lo...}, goog:chromeOptions: {debuggerAddress: localhost:64343}, networkConnectionEnabled: false, pageLoadStrategy: normal, platformName: WINDOWS, proxy: Proxy(), se:cdp: ws://localhost:64343/devtoo..., se:cdpVersion: 112.0.5615.121, setWindowRect: true, strictFileInteractability: false, timeouts: {implicit: 0, pageLoad: 300000, script: 30000}, unhandledPromptBehavior: dismiss and notify, webauthn:extension:credBlob: true, webauthn:extension:largeBlob: true, webauthn:extension:minPinLength: true, webauthn:extension:prf: true, webauthn:virtualAuthenticators: true}
Session ID: 97ae55aeb95a1a6e7fe9b4ac934248ab
	at qa_refapp.openmrs.tests.TC04_AttachmentTosterofStartVisitTest.AttachmentTosterofStartVisitTest(TC04_AttachmentTosterofStartVisitTest.java)

afterTest(qa_refapp.openmrs.tests.TC04_AttachmentTosterofStartVisitTest)  Time elapsed: 41.861 s  <<< FAILURE!
org.openqa.selenium.WebDriverException: 
disconnected: not connected to DevTools
  (failed to check if window was closed: disconnected: not connected to DevTools)
  (Session info: chrome=112.0.5615.121)
Build info: version: '4.8.1', revision: '8ebccac989'
System info: os.name: 'Windows 10', os.arch: 'amd64', os.version: '10.0', java.version: '11.0.18'
Driver info: org.openqa.selenium.chrome.ChromeDriver
Command: [97ae55aeb95a1a6e7fe9b4ac934248ab, close {}]
Capabilities {acceptInsecureCerts: false, browserName: chrome, browserVersion: 112.0.5615.121, chrome: {chromedriverVersion: 112.0.5615.49 (bd2a7bcb881c..., userDataDir: C:\Users\pli6cob\AppData\Lo...}, goog:chromeOptions: {debuggerAddress: localhost:64343}, networkConnectionEnabled: false, pageLoadStrategy: normal, platformName: WINDOWS, proxy: Proxy(), se:cdp: ws://localhost:64343/devtoo..., se:cdpVersion: 112.0.5615.121, setWindowRect: true, strictFileInteractability: false, timeouts: {implicit: 0, pageLoad: 300000, script: 30000}, unhandledPromptBehavior: dismiss and notify, webauthn:extension:credBlob: true, webauthn:extension:largeBlob: true, webauthn:extension:minPinLength: true, webauthn:extension:prf: true, webauthn:virtualAuthenticators: true}
Session ID: 97ae55aeb95a1a6e7fe9b4ac934248ab

AttachmentandRecentVisitwithAttachmentUploadTagTest(qa_refapp.openmrs.tests.TC05_AttachmentandRecentVisitwithAttachmentUploadTagTest)  Time elapsed: 20.748 s  <<< FAILURE!
java.lang.ArrayIndexOutOfBoundsException: Index 1 out of bounds for length 1
	at qa_refapp.openmrs.tests.TC05_AttachmentandRecentVisitwithAttachmentUploadTagTest.AttachmentandRecentVisitwithAttachmentUploadTagTest(TC05_AttachmentandRecentVisitwithAttachmentUploadTagTest.java)

