<?xml version="1.0" encoding="UTF-8"?>
<testsuite xmlns:xsi="http://www.w3.org/2001/XMLSchema-instance" xsi:noNamespaceSchemaLocation="https://maven.apache.org/surefire/maven-surefire-plugin/xsd/surefire-test-report.xsd" name="TestSuite" time="307.366" tests="14" errors="0" skipped="1" failures="5">
  <properties>
[...]
</properties>
  <testcase name="DashboardPageVerificationTest" classname="qa_refapp.openmrs.tests.TC01_DashboardPageVerificationTest" time="0.066"/>
  <testcase name="launchApplicationandLogin" classname="qa_refapp.openmrs.tests.TC02_RegisterPatientandVerifyPatientDetailsTest" time="7.398">
    <failure message="Error communicating with the remote browser. It may have died.&#10;Build info: version: &apos;4.8.1&apos;, revision: &apos;8ebccac989&apos;&#10;System info: os.name: &apos;Windows 10&apos;, os.arch: &apos;amd64&apos;, os.version: &apos;10.0&apos;, java.version: &apos;11.0.18&apos;&#10;Driver info: org.openqa.selenium.chrome.ChromeDriver&#10;Command: [68ee0bf49ee4c069e325e2dbe14a306a, get {url=https://qa-refapp.openmrs.org/openmrs/login.htm}]&#10;Capabilities {acceptInsecureCerts: false, browserName: chrome, browserVersion: 112.0.5615.121, chrome: {chromedriverVersion: 112.0.5615.49 (bd2a7bcb881c..., userDataDir: C:\Users\pli6cob\AppData\Lo...}, goog:chromeOptions: {debuggerAddress: localhost:64293}, networkConnectionEnabled: false, pageLoadStrategy: normal, platformName: WINDOWS, proxy: Proxy(), se:cdp: ws://localhost:64293/devtoo..., se:cdpVersion: 112.0.5615.121, setWindowRect: true, strictFileInteractability: false, timeouts: {implicit: 0, pageLoad: 300000, script: 30000}, unhandledPromptBehavior: dismiss and notify, webauthn:extension:credBlob: true, webauthn:extension:largeBlob: true, webauthn:extension:minPinLength: true, webauthn:extension:prf: true, webauthn:virtualAuthenticators: true}&#10;Session ID: 68ee0bf49ee4c069e325e2dbe14a306a" type="org.openqa.selenium.remote.UnreachableBrowserException">org.openqa.selenium.remote.UnreachableBrowserException: 
Error communicating with the remote browser. It may have died.
Build info: version: '4.8.1', revision: '8ebccac989'
System info: os.name: 'Windows 10', os.arch: 'amd64', os.version: '10.0', java.version: '11.0.18'
Driver info: org.openqa.selenium.chrome.ChromeDriver
Command: [68ee0bf49ee4c069e325e2dbe14a306a, get {url=https://qa-refapp.openmrs.org/openmrs/login.htm}]
Capabilities {acceptInsecureCerts: false, browserName: chrome, browserVersion: 112.0.5615.121, chrome: {chromedriverVersion: 112.0.5615.49 (bd2a7bcb881c..., userDataDir: C:\Users\pli6cob\AppData\Lo...}, goog:chromeOptions: {debuggerAddress: localhost:64293}, networkConnectionEnabled: false, pageLoadStrategy: normal, platformName: WINDOWS, proxy: Proxy(), se:cdp: ws://localhost:64293/devtoo..., se:cdpVersion: 112.0.5615.121, setWindowRect: true, strictFileInteractability: false, timeouts: {implicit: 0, pageLoad: 300000, script: 30000}, unhandledPromptBehavior: dismiss and notify, webauthn:extension:credBlob: true, webauthn:extension:largeBlob: true, webauthn:extension:minPinLength: true, webauthn:extension:prf: true, webauthn:virtualAuthenticators: true}
Session ID: 68ee0bf49ee4c069e325e2dbe14a306a
Caused by: java.io.UncheckedIOException: java.io.IOException: An existing connection was forcibly closed by the remote host
Caused by: java.io.IOException: An existing connection was forcibly closed by the remote host
</failure>
    <system-err><![CDATA[Starting ChromeDriver 112.0.5615.49 (bd2a7bcb881c11e8cfe3078709382934e3916914-refs/branch-heads/5615@{#936}) on port 8327
Only local connections are allowed.
Please see https://chromedriver.chromium.org/security-considerations for suggestions on keeping ChromeDriver safe.
ChromeDriver was started successfully.
May 08, 2023 3:58:30 AM org.openqa.selenium.devtools.CdpVersionFinder findNearestMatch
WARNING: Unable to find an exact match for CDP version 112, so returning the closest version found: 110
[1683498512.181][WARNING]: Processing messages while being disconnected
]]></system-err>
  </testcase>
  <testcase name="RegisterPatientandVerifyPatientDetailsTest" classname="qa_refapp.openmrs.tests.TC02_RegisterPatientandVerifyPatientDetailsTest" time="0">
    <skipped message="Error communicating with the remote browser. It may have died.&#10;Build info: version: &apos;4.8.1&apos;, revision: &apos;8ebccac989&apos;&#10;System info: os.name: &apos;Windows 10&apos;, os.arch: &apos;amd64&apos;, os.version: &apos;10.0&apos;, java.version: &apos;11.0.18&apos;&#10;Driver info: org.openqa.selenium.chrome.ChromeDriver&#10;Command: [68ee0bf49ee4c069e325e2dbe14a306a, get {url=https://qa-refapp.openmrs.org/openmrs/login.htm}]&#10;Capabilities {acceptInsecureCerts: false, browserName: chrome, browserVersion: 112.0.5615.121, chrome: {chromedriverVersion: 112.0.5615.49 (bd2a7bcb881c..., userDataDir: C:\Users\pli6cob\AppData\Lo...}, goog:chromeOptions: {debuggerAddress: localhost:64293}, networkConnectionEnabled: false, pageLoadStrategy: normal, platformName: WINDOWS, proxy: Proxy(), se:cdp: ws://localhost:64293/devtoo..., se:cdpVersion: 112.0.5615.121, setWindowRect: true, strictFileInteractability: false, timeouts: {implicit: 0, pageLoad: 300000, script: 30000}, unhandledPromptBehavior: dismiss and notify, webauthn:extension:credBlob: true, webauthn:extension:largeBlob: true, webauthn:extension:minPinLength: true, webauthn:extension:prf: true, webauthn:virtualAuthenticators: true}&#10;Session ID: 68ee0bf49ee4c069e325e2dbe14a306a"/>
  </testcase>
  <testcase name="afterTest" classname="qa_refapp.openmrs.tests.TC02_RegisterPatientandVerifyPatientDetailsTest" time="0.013">
    <failure message="Error communicating with the remote browser. It may have died.&#10;Build info: version: &apos;4.8.1&apos;, revision: &apos;8ebccac989&apos;&#10;System info: os.name: &apos;Windows 10&apos;, os.arch: &apos;amd64&apos;, os.version: &apos;10.0&apos;, java.version: &apos;11.0.18&apos;&#10;Driver info: org.openqa.selenium.chrome.ChromeDriver&#10;Command: [68ee0bf49ee4c069e325e2dbe14a306a, close {}]&#10;Capabilities {acceptInsecureCerts: false, browserName: chrome, browserVersion: 112.0.5615.121, chrome: {chromedriverVersion: 112.0.5615.49 (bd2a7bcb881c..., userDataDir: C:\Users\pli6cob\AppData\Lo...}, goog:chromeOptions: {debuggerAddress: localhost:64293}, networkConnectionEnabled: false, pageLoadStrategy: normal, platformName: WINDOWS, proxy: Proxy(), se:cdp: ws://localhost:64293/devtoo..., se:cdpVersion: 112.0.5615.121, setWindowRect: true, strictFileInteractability: false, timeouts: {implicit: 0, pageLoad: 300000, script: 30000}, unhandledPromptBehavior: dismiss and notify, webauthn:extension:credBlob: true, webauthn:extension:largeBlob: true, webauthn:extension:minPinLength: true, webauthn:extension:prf: true, webauthn:virtualAuthenticators: true}&#10;Session ID: 68ee0bf49ee4c069e325e2dbe14a306a" type="org.openqa.selenium.remote.UnreachableBrowserException">org.openqa.selenium.remote.UnreachableBrowserException: 
Error communicating with the remote browser. It may have died.
Build info: version: '4.8.1', revision: '8ebccac989'
System info: os.name: 'Windows 10', os.arch: 'amd64', os.version: '10.0', java.version: '11.0.18'
Driver info: org.openqa.selenium.chrome.ChromeDriver
Command: [68ee0bf49ee4c069e325e2dbe14a306a, close {}]
Capabilities {acceptInsecureCerts: false, browserName: chrome, browserVersion: 112.0.5615.121, chrome: {chromedriverVersion: 112.0.5615.49 (bd2a7bcb881c..., userDataDir: C:\Users\pli6cob\AppData\Lo...}, goog:chromeOptions: {debuggerAddress: localhost:64293}, networkConnectionEnabled: false, pageLoadStrategy: normal, platformName: WINDOWS, proxy: Proxy(), se:cdp: ws://localhost:64293/devtoo..., se:cdpVersion: 112.0.5615.121, setWindowRect: true, strictFileInteractability: false, timeouts: {implicit: 0, pageLoad: 300000, script: 30000}, unhandledPromptBehavior: dismiss and notify, webauthn:extension:credBlob: true, webauthn:extension:largeBlob: true, webauthn:extension:minPinLength: true, webauthn:extension:prf: true, webauthn:virtualAuthenticators: true}
Session ID: 68ee0bf49ee4c069e325e2dbe14a306a
Caused by: java.io.UncheckedIOException: java.net.ConnectException: Connection refused: no further information: localhost/0:0:0:0:0:0:0:1:8327
Caused by: java.net.ConnectException: Connection refused: no further information: localhost/0:0:0:0:0:0:0:1:8327
Caused by: io.netty.channel.AbstractChannel$AnnotatedConnectException: Connection refused: no further information: localhost/0:0:0:0:0:0:0:1:8327
Caused by: java.net.ConnectException: Connection refused: no further information
</failure>
  </testcase>
  <testcase name="PatientDetailPageVerificationandVerifyAgeCorrectnessBasedOnDOBTset" classname="qa_refapp.openmrs.tests.TC03_PatientDetailPageVerificationandVerifyAgeCorrectnessBasedOnDOBTset" time="11.022"/>
  <testcase name="AttachmentTosterofStartVisitTest" classname="qa_refapp.openmrs.tests.TC04_AttachmentTosterofStartVisitTest" time="41.824">
    <failure message="target frame detached&#10;  (failed to check if window was closed: disconnected: not connected to DevTools)&#10;  (Session info: chrome=112.0.5615.121)&#10;Build info: version: &apos;4.8.1&apos;, revision: &apos;8ebccac989&apos;&#10;System info: os.name: &apos;Windows 10&apos;, os.arch: &apos;amd64&apos;, os.version: &apos;10.0&apos;, java.version: &apos;11.0.18&apos;&#10;Driver info: org.openqa.selenium.chrome.ChromeDriver&#10;Command: [97ae55aeb95a1a6e7fe9b4ac934248ab, findElement {using=xpath, value=//div[@class=&apos;toast-item-wrapper&apos;]}]&#10;Capabilities {acceptInsecureCerts: false, browserName: chrome, browserVersion: 112.0.5615.121, chrome: {chromedriverVersion: 112.0.5615.49 (bd2a7bcb881c..., userDataDir: C:\Users\pli6cob\AppData\Lo...}, goog:chromeOptions: {debuggerAddress: localhost:64343}, networkConnectionEnabled: false, pageLoadStrategy: normal, platformName: WINDOWS, proxy: Proxy(), se:cdp: ws://localhost:64343/devtoo..., se:cdpVersion: 112.0.5615.121, setWindowRect: true, strictFileInteractability: false, timeouts: {implicit: 0, pageLoad: 300000, script: 30000}, unhandledPromptBehavior: dismiss and notify, webauthn:extension:credBlob: true, webauthn:extension:largeBlob: true, webauthn:extension:minPinLength: true, webauthn:extension:prf: true, webauthn:virtualAuthenticators: true}&#10;Session ID: 97ae55aeb95a1a6e7fe9b4ac934248ab" type="org.openqa.selenium.WebDriverException">org.openqa.selenium.WebDriverException: 
target frame detached
  (failed to check if window was closed: disconnected: not connected to DevTools)
  (Session info: chrome=112.0.5615.121)
Build info: version: '4.8.1', revision: '8ebccac989'
System info: os.name: 'Windows 10', os.arch: 'amd64', os.version: '10.0', java.version: '11.0.18'
Driver info: org.openqa.selenium.chrome.ChromeDriver
Command: [97ae55aeb95a1a6e7fe9b4ac934248ab, findElement {using=xpath, value=//div[@class='toast-item-wrapper']}]
Capabilities {acceptInsecureCerts: false, browserName: chrome, browserVersion: 112.0.5615.121, chrome: {chromedriverVersion: 112.0.5615.49 (bd2a7bcb881c..., userDataDir: C:\Users\pli6cob\AppData\Lo...}, goog:chromeOptions: {debuggerAddress: localhost:64343}, networkConnectionEnabled: false, pageLoadStrategy: normal, platformName: WINDOWS, proxy: Proxy(), se:cdp: ws://localhost:64343/devtoo..., se:cdpVersion: 112.0.5615.121, setWindowRect: true, strictFileInteractability: false, timeouts: {implicit: 0, pageLoad: 300000, script: 30000}, unhandledPromptBehavior: dismiss and notify, webauthn:extension:credBlob: true, webauthn:extension:largeBlob: true, webauthn:extension:minPinLength: true, webauthn:extension:prf: true, webauthn:virtualAuthenticators: true}
Session ID: 97ae55aeb95a1a6e7fe9b4ac934248ab
	at qa_refapp.openmrs.tests.TC04_AttachmentTosterofStartVisitTest.AttachmentTosterofStartVisitTest(TC04_AttachmentTosterofStartVisitTest.java)
</failure>
    <system-err><![CDATA[Starting ChromeDriver 112.0.5615.49 (bd2a7bcb881c11e8cfe3078709382934e3916914-refs/branch-heads/5615@{#936}) on port 48428
Only local connections are allowed.
Please see https://chromedriver.chromium.org/security-considerations for suggestions on keeping ChromeDriver safe.
ChromeDriver was started successfully.
May 08, 2023 3:58:57 AM org.openqa.selenium.devtools.CdpVersionFinder findNearestMatch
WARNING: Unable to find an exact match for CDP version 112, so returning the closest version found: 110
]]></system-err>
  </testcase>
  <testcase name="afterTest" classname="qa_refapp.openmrs.tests.TC04_AttachmentTosterofStartVisitTest" time="41.861">
    <failure message="disconnected: not connected to DevTools&#10;  (failed to check if window was closed: disconnected: not connected to DevTools)&#10;  (Session info: chrome=112.0.5615.121)&#10;Build info: version: &apos;4.8.1&apos;, revision: &apos;8ebccac989&apos;&#10;System info: os.name: &apos;Windows 10&apos;, os.arch: &apos;amd64&apos;, os.version: &apos;10.0&apos;, java.version: &apos;11.0.18&apos;&#10;Driver info: org.openqa.selenium.chrome.ChromeDriver&#10;Command: [97ae55aeb95a1a6e7fe9b4ac934248ab, close {}]&#10;Capabilities {acceptInsecureCerts: false, browserName: chrome, browserVersion: 112.0.5615.121, chrome: {chromedriverVersion: 112.0.5615.49 (bd2a7bcb881c..., userDataDir: C:\Users\pli6cob\AppData\Lo...}, goog:chromeOptions: {debuggerAddress: localhost:64343}, networkConnectionEnabled: false, pageLoadStrategy: normal, platformName: WINDOWS, proxy: Proxy(), se:cdp: ws://localhost:64343/devtoo..., se:cdpVersion: 112.0.5615.121, setWindowRect: true, strictFileInteractability: false, timeouts: {implicit: 0, pageLoad: 300000, script: 30000}, unhandledPromptBehavior: dismiss and notify, webauthn:extension:credBlob: true, webauthn:extension:largeBlob: true, webauthn:extension:minPinLength: true, webauthn:extension:prf: true, webauthn:virtualAuthenticators: true}&#10;Session ID: 97ae55aeb95a1a6e7fe9b4ac934248ab" type="org.openqa.selenium.WebDriverException">org.openqa.selenium.WebDriverException: 
disconnected: not connected to DevTools
  (failed to check if window was closed: disconnected: not connected to DevTools)
  (Session info: chrome=112.0.5615.121)
Build info: version: '4.8.1', revision: '8ebccac989'
System info: os.name: 'Windows 10', os.arch: 'amd64', os.version: '10.0', java.version: '11.0.18'
Driver info: org.openqa.selenium.chrome.ChromeDriver
Command: [97ae55aeb95a1a6e7fe9b4ac934248ab, close {}]
Capabilities {acceptInsecureCerts: false, browserName: chrome, browserVersion: 112.0.5615.121, chrome: {chromedriverVersion: 112.0.5615.49 (bd2a7bcb881c..., userDataDir: C:\Users\pli6cob\AppData\Lo...}, goog:chromeOptions: {debuggerAddress: localhost:64343}, networkConnectionEnabled: false, pageLoadStrategy: normal, platformName: WINDOWS, proxy: Proxy(), se:cdp: ws://localhost:64343/devtoo..., se:cdpVersion: 112.0.5615.121, setWindowRect: true, strictFileInteractability: false, timeouts: {implicit: 0, pageLoad: 300000, script: 30000}, unhandledPromptBehavior: dismiss and notify, webauthn:extension:credBlob: true, webauthn:extension:largeBlob: true, webauthn:extension:minPinLength: true, webauthn:extension:prf: true, webauthn:virtualAuthenticators: true}
Session ID: 97ae55aeb95a1a6e7fe9b4ac934248ab
</failure>
  </testcase>
  <testcase name="AttachmentandRecentVisitwithAttachmentUploadTagTest" classname="qa_refapp.openmrs.tests.TC05_AttachmentandRecentVisitwithAttachmentUploadTagTest" time="20.748">
    <failure message="Index 1 out of bounds for length 1" type="java.lang.ArrayIndexOutOfBoundsException">java.lang.ArrayIndexOutOfBoundsException: Index 1 out of bounds for length 1
	at qa_refapp.openmrs.tests.TC05_AttachmentandRecentVisitwithAttachmentUploadTagTest.AttachmentandRecentVisitwithAttachmentUploadTagTest(TC05_AttachmentandRecentVisitwithAttachmentUploadTagTest.java)
</failure>
    <system-err><![CDATA[Starting ChromeDriver 112.0.5615.49 (bd2a7bcb881c11e8cfe3078709382934e3916914-refs/branch-heads/5615@{#936}) on port 22432
Only local connections are allowed.
Please see https://chromedriver.chromium.org/security-considerations for suggestions on keeping ChromeDriver safe.
ChromeDriver was started successfully.
May 08, 2023 3:59:50 AM org.openqa.selenium.devtools.CdpVersionFinder findNearestMatch
WARNING: Unable to find an exact match for CDP version 112, so returning the closest version found: 110
]]></system-err>
  </testcase>
  <testcase name="StartCaptureVitalsAndVerifyBMIusingFormulaTest" classname="qa_refapp.openmrs.tests.TC06_StartCaptureVitalsAndVerifyBMIusingFormulaTest" time="40.073"/>
  <testcase name="HeightWeightAbdBMIVerificationInPatientDetailPageTest" classname="qa_refapp.openmrs.tests.TC07_HeightWeightAbdBMIVerificationInPatientDetailPageTest" time="8.24"/>
  <testcase name="RecentVisitWithCurrentDateandVitalTest" classname="qa_refapp.openmrs.tests.TC08_RecentVisitWithCurrentDateandVitalTest" time="14.353"/>
  <testcase name="MergVisitsAndVerifyRecentVisitsTest" classname="qa_refapp.openmrs.tests.TC09_MergVisitsAndVerifyRecentVisitsTest" time="14.874"/>
  <testcase name="AddPastVisitandVerifyFutureDateIsNotClickable" classname="qa_refapp.openmrs.tests.TC10_AddPastVisitandVerifyFutureDateIsNotClickable" time="9.215"/>
  <testcase name="DeletePatientVerifyToasterTestAndSearchDeletedPatient" classname="qa_refapp.openmrs.tests.TC11_DeletePatientVerifyToasterTestAndSearchDeletedPatient" time="14.342"/>
</testsuite>